{"C:\\Users\\edils\\OneDrive\\Documentos\\code\\flutter-apps\\stockup-mobile\\backend\\src\\app.controller.ts": {"path":"C:\\Users\\edils\\OneDrive\\Documentos\\code\\flutter-apps\\stockup-mobile\\backend\\src\\app.controller.ts","statementMap":{"0":{"start":{"line":1,"column":0},"end":{"line":1,"column":49}},"1":{"start":{"line":2,"column":0},"end":{"line":2,"column":43}},"2":{"start":{"line":5,"column":7},"end":{"line":12,"column":null}},"3":{"start":{"line":6,"column":31},"end":{"line":6,"column":43}},"4":{"start":{"line":10,"column":4},"end":{"line":10,"column":38}},"5":{"start":{"line":5,"column":13},"end":{"line":5,"column":26}},"6":{"start":{"line":9,"column":2},"end":{"line":11,"column":null}},"7":{"start":{"line":5,"column":13},"end":{"line":12,"column":null}}},"fnMap":{"0":{"name":"(anonymous_2)","decl":{"start":{"line":6,"column":2},"end":{"line":6,"column":31}},"loc":{"start":{"line":6,"column":53},"end":{"line":6,"column":57}}},"1":{"name":"(anonymous_3)","decl":{"start":{"line":9,"column":2},"end":{"line":9,"column":10}},"loc":{"start":{"line":9,"column":10},"end":{"line":11,"column":3}}}},"branchMap":{"0":{"loc":{"start":{"line":6,"column":43},"end":{"line":6,"column":56}},"type":"cond-expr","locations":[{"start":{"line":6,"column":53},"end":{"line":6,"column":56}},{"start":{"line":6,"column":53},"end":{"line":6,"column":56}}]},"1":{"loc":{"start":{"line":6,"column":43},"end":{"line":6,"column":53}},"type":"binary-expr","locations":[{"start":{"line":6,"column":43},"end":{"line":6,"column":56}},{"start":{"line":6,"column":43},"end":{"line":6,"column":53}}]}},"s":{"0":1,"1":1,"2":1,"3":1,"4":1,"5":1,"6":1,"7":1},"f":{"0":1,"1":1},"b":{"0":[1,0],"1":[1,1]}}
,"C:\\Users\\edils\\OneDrive\\Documentos\\code\\flutter-apps\\stockup-mobile\\backend\\src\\app.module.ts": {"path":"C:\\Users\\edils\\OneDrive\\Documentos\\code\\flutter-apps\\stockup-mobile\\backend\\src\\app.module.ts","statementMap":{"0":{"start":{"line":1,"column":0},"end":{"line":1,"column":40}},"1":{"start":{"line":2,"column":0},"end":{"line":2,"column":49}},"2":{"start":{"line":3,"column":0},"end":{"line":3,"column":43}},"3":{"start":{"line":4,"column":0},"end":{"line":4,"column":59}},"4":{"start":{"line":5,"column":0},"end":{"line":5,"column":48}},"5":{"start":{"line":6,"column":0},"end":{"line":6,"column":61}},"6":{"start":{"line":28,"column":7},"end":{"line":28,"column":null}},"7":{"start":{"line":28,"column":13},"end":{"line":28,"column":22}},"8":{"start":{"line":28,"column":13},"end":{"line":28,"column":null}},"9":{"start":{"line":16,"column":53},"end":{"line":21,"column":8}}},"fnMap":{"0":{"name":"(anonymous_1)","decl":{"start":{"line":16,"column":18},"end":{"line":16,"column":19}},"loc":{"start":{"line":16,"column":53},"end":{"line":21,"column":8}}}},"branchMap":{},"s":{"0":0,"1":0,"2":0,"3":0,"4":0,"5":0,"6":0,"7":0,"8":0,"9":0},"f":{"0":0},"b":{}}
,"C:\\Users\\edils\\OneDrive\\Documentos\\code\\flutter-apps\\stockup-mobile\\backend\\src\\app.service.ts": {"path":"C:\\Users\\edils\\OneDrive\\Documentos\\code\\flutter-apps\\stockup-mobile\\backend\\src\\app.service.ts","statementMap":{"0":{"start":{"line":1,"column":0},"end":{"line":1,"column":44}},"1":{"start":{"line":4,"column":7},"end":{"line":8,"column":null}},"2":{"start":{"line":6,"column":4},"end":{"line":6,"column":26}},"3":{"start":{"line":4,"column":13},"end":{"line":4,"column":23}},"4":{"start":{"line":4,"column":13},"end":{"line":8,"column":null}}},"fnMap":{"0":{"name":"(anonymous_1)","decl":{"start":{"line":5,"column":2},"end":{"line":5,"column":10}},"loc":{"start":{"line":5,"column":10},"end":{"line":7,"column":3}}}},"branchMap":{},"s":{"0":1,"1":1,"2":1,"3":1,"4":1},"f":{"0":1},"b":{}}
,"C:\\Users\\edils\\OneDrive\\Documentos\\code\\flutter-apps\\stockup-mobile\\backend\\src\\main.ts": {"path":"C:\\Users\\edils\\OneDrive\\Documentos\\code\\flutter-apps\\stockup-mobile\\backend\\src\\main.ts","statementMap":{"0":{"start":{"line":1,"column":0},"end":{"line":1,"column":43}},"1":{"start":{"line":2,"column":0},"end":{"line":2,"column":41}},"2":{"start":{"line":3,"column":0},"end":{"line":3,"column":48}},"3":{"start":{"line":4,"column":0},"end":{"line":4,"column":65}},"4":{"start":{"line":7,"column":14},"end":{"line":7,"column":49}},"5":{"start":{"line":10,"column":2},"end":{"line":17,"column":4}},"6":{"start":{"line":20,"column":17},"end":{"line":27,"column":12}},"7":{"start":{"line":29,"column":19},"end":{"line":29,"column":60}},"8":{"start":{"line":31,"column":2},"end":{"line":31,"column":44}},"9":{"start":{"line":33,"column":2},"end":{"line":33,"column":45}},"10":{"start":{"line":35,"column":0},"end":{"line":35,"column":17}}},"fnMap":{"0":{"name":"bootstrap","decl":{"start":{"line":6,"column":15},"end":{"line":6,"column":24}},"loc":{"start":{"line":6,"column":24},"end":{"line":34,"column":1}}}},"branchMap":{"0":{"loc":{"start":{"line":33,"column":19},"end":{"line":33,"column":43}},"type":"binary-expr","locations":[{"start":{"line":33,"column":19},"end":{"line":33,"column":35}},{"start":{"line":33,"column":39},"end":{"line":33,"column":43}}]}},"s":{"0":0,"1":0,"2":0,"3":0,"4":0,"5":0,"6":0,"7":0,"8":0,"9":0,"10":0},"f":{"0":0},"b":{"0":[0,0]}}
,"C:\\Users\\edils\\OneDrive\\Documentos\\code\\flutter-apps\\stockup-mobile\\backend\\src\\enum\\errors-global.enum.ts": {"path":"C:\\Users\\edils\\OneDrive\\Documentos\\code\\flutter-apps\\stockup-mobile\\backend\\src\\enum\\errors-global.enum.ts","statementMap":{"0":{"start":{"line":1,"column":0},"end":{"line":1,"column":null}},"1":{"start":{"line":2,"column":2},"end":{"line":2,"column":null}}},"fnMap":{"0":{"name":"(anonymous_0)","decl":{"start":{"line":1,"column":0},"end":{"line":1,"column":12}},"loc":{"start":{"line":1,"column":25},"end":{"line":3,"column":1}}}},"branchMap":{"0":{"loc":{"start":{"line":1,"column":12},"end":{"line":1,"column":null}},"type":"binary-expr","locations":[{"start":{"line":1,"column":12},"end":{"line":1,"column":25}},{"start":{"line":1,"column":25},"end":{"line":1,"column":null}}]}},"s":{"0":1,"1":1},"f":{"0":1},"b":{"0":[1,1]}}
,"C:\\Users\\edils\\OneDrive\\Documentos\\code\\flutter-apps\\stockup-mobile\\backend\\src\\modules\\users\\users.controller.ts": {"path":"C:\\Users\\edils\\OneDrive\\Documentos\\code\\flutter-apps\\stockup-mobile\\backend\\src\\modules\\users\\users.controller.ts","statementMap":{"0":{"start":{"line":1,"column":0},"end":{"line":1,"column":null}},"1":{"start":{"line":15,"column":0},"end":{"line":15,"column":47}},"2":{"start":{"line":16,"column":0},"end":{"line":16,"column":60}},"3":{"start":{"line":17,"column":0},"end":{"line":17,"column":69}},"4":{"start":{"line":18,"column":0},"end":{"line":18,"column":41}},"5":{"start":{"line":22,"column":7},"end":{"line":88,"column":null}},"6":{"start":{"line":24,"column":46},"end":{"line":24,"column":73}},"7":{"start":{"line":35,"column":4},"end":{"line":35,"column":55}},"8":{"start":{"line":48,"column":4},"end":{"line":48,"column":63}},"9":{"start":{"line":60,"column":4},"end":{"line":60,"column":50}},"10":{"start":{"line":74,"column":4},"end":{"line":74,"column":63}},"11":{"start":{"line":86,"column":4},"end":{"line":86,"column":56}},"12":{"start":{"line":22,"column":13},"end":{"line":22,"column":28}},"13":{"start":{"line":34,"column":8},"end":{"line":36,"column":null}},"14":{"start":{"line":45,"column":8},"end":{"line":49,"column":null}},"15":{"start":{"line":59,"column":8},"end":{"line":61,"column":null}},"16":{"start":{"line":71,"column":8},"end":{"line":75,"column":null}},"17":{"start":{"line":85,"column":8},"end":{"line":87,"column":null}},"18":{"start":{"line":22,"column":13},"end":{"line":88,"column":null}}},"fnMap":{"0":{"name":"(anonymous_4)","decl":{"start":{"line":23,"column":2},"end":{"line":23,"column":null}},"loc":{"start":{"line":24,"column":73},"end":{"line":25,"column":6}}},"1":{"name":"(anonymous_5)","decl":{"start":{"line":34,"column":8},"end":{"line":34,"column":18}},"loc":{"start":{"line":34,"column":43},"end":{"line":36,"column":3}}},"2":{"name":"(anonymous_6)","decl":{"start":{"line":45,"column":8},"end":{"line":45,"column":26}},"loc":{"start":{"line":46,"column":28},"end":{"line":49,"column":3}}},"3":{"name":"(anonymous_7)","decl":{"start":{"line":59,"column":8},"end":{"line":59,"column":20}},"loc":{"start":{"line":59,"column":20},"end":{"line":61,"column":3}}},"4":{"name":"(anonymous_8)","decl":{"start":{"line":71,"column":8},"end":{"line":71,"column":25}},"loc":{"start":{"line":72,"column":39},"end":{"line":75,"column":3}}},"5":{"name":"(anonymous_9)","decl":{"start":{"line":85,"column":8},"end":{"line":85,"column":18}},"loc":{"start":{"line":85,"column":35},"end":{"line":87,"column":3}}}},"branchMap":{"0":{"loc":{"start":{"line":34,"column":36},"end":{"line":34,"column":46}},"type":"cond-expr","locations":[{"start":{"line":34,"column":43},"end":{"line":34,"column":46}},{"start":{"line":34,"column":43},"end":{"line":34,"column":46}}]},"1":{"loc":{"start":{"line":34,"column":36},"end":{"line":34,"column":43}},"type":"binary-expr","locations":[{"start":{"line":34,"column":36},"end":{"line":34,"column":46}},{"start":{"line":34,"column":36},"end":{"line":34,"column":43}}]},"2":{"loc":{"start":{"line":34,"column":46},"end":{"line":34,"column":null}},"type":"cond-expr","locations":[{"start":{"line":34,"column":53},"end":{"line":34,"column":null}},{"start":{"line":34,"column":53},"end":{"line":34,"column":null}}]},"3":{"loc":{"start":{"line":34,"column":46},"end":{"line":34,"column":53}},"type":"binary-expr","locations":[{"start":{"line":34,"column":46},"end":{"line":34,"column":null}},{"start":{"line":34,"column":46},"end":{"line":34,"column":53}}]},"4":{"loc":{"start":{"line":46,"column":21},"end":{"line":46,"column":null}},"type":"cond-expr","locations":[{"start":{"line":46,"column":28},"end":{"line":46,"column":null}},{"start":{"line":46,"column":28},"end":{"line":46,"column":null}}]},"5":{"loc":{"start":{"line":46,"column":21},"end":{"line":46,"column":28}},"type":"binary-expr","locations":[{"start":{"line":46,"column":21},"end":{"line":46,"column":null}},{"start":{"line":46,"column":21},"end":{"line":46,"column":28}}]},"6":{"loc":{"start":{"line":47,"column":5},"end":{"line":47,"column":null}},"type":"cond-expr","locations":[{"start":{"line":47,"column":12},"end":{"line":47,"column":null}},{"start":{"line":47,"column":12},"end":{"line":47,"column":null}}]},"7":{"loc":{"start":{"line":47,"column":5},"end":{"line":47,"column":12}},"type":"binary-expr","locations":[{"start":{"line":47,"column":5},"end":{"line":47,"column":null}},{"start":{"line":47,"column":5},"end":{"line":47,"column":12}}]},"8":{"loc":{"start":{"line":59,"column":24},"end":{"line":59,"column":null}},"type":"cond-expr","locations":[{"start":{"line":59,"column":31},"end":{"line":59,"column":null}},{"start":{"line":59,"column":31},"end":{"line":59,"column":null}}]},"9":{"loc":{"start":{"line":59,"column":24},"end":{"line":59,"column":31}},"type":"binary-expr","locations":[{"start":{"line":59,"column":24},"end":{"line":59,"column":null}},{"start":{"line":59,"column":24},"end":{"line":59,"column":31}}]},"10":{"loc":{"start":{"line":73,"column":5},"end":{"line":73,"column":null}},"type":"cond-expr","locations":[{"start":{"line":73,"column":12},"end":{"line":73,"column":null}},{"start":{"line":73,"column":12},"end":{"line":73,"column":null}}]},"11":{"loc":{"start":{"line":73,"column":5},"end":{"line":73,"column":12}},"type":"binary-expr","locations":[{"start":{"line":73,"column":5},"end":{"line":73,"column":null}},{"start":{"line":73,"column":5},"end":{"line":73,"column":12}}]},"12":{"loc":{"start":{"line":85,"column":38},"end":{"line":85,"column":null}},"type":"cond-expr","locations":[{"start":{"line":85,"column":45},"end":{"line":85,"column":null}},{"start":{"line":85,"column":45},"end":{"line":85,"column":null}}]},"13":{"loc":{"start":{"line":85,"column":38},"end":{"line":85,"column":45}},"type":"binary-expr","locations":[{"start":{"line":85,"column":38},"end":{"line":85,"column":null}},{"start":{"line":85,"column":38},"end":{"line":85,"column":45}}]}},"s":{"0":1,"1":1,"2":1,"3":1,"4":1,"5":1,"6":6,"7":1,"8":2,"9":1,"10":1,"11":1,"12":1,"13":1,"14":1,"15":1,"16":1,"17":1,"18":1},"f":{"0":6,"1":1,"2":2,"3":1,"4":1,"5":1},"b":{"0":[1,0],"1":[1,1],"2":[1,0],"3":[1,1],"4":[1,0],"5":[1,1],"6":[1,0],"7":[1,1],"8":[1,0],"9":[1,1],"10":[1,0],"11":[1,1],"12":[1,0],"13":[1,1]}}
,"C:\\Users\\edils\\OneDrive\\Documentos\\code\\flutter-apps\\stockup-mobile\\backend\\src\\modules\\users\\users.module.ts": {"path":"C:\\Users\\edils\\OneDrive\\Documentos\\code\\flutter-apps\\stockup-mobile\\backend\\src\\modules\\users\\users.module.ts","statementMap":{"0":{"start":{"line":1,"column":0},"end":{"line":1,"column":40}},"1":{"start":{"line":2,"column":0},"end":{"line":2,"column":53}},"2":{"start":{"line":3,"column":0},"end":{"line":3,"column":47}},"3":{"start":{"line":4,"column":0},"end":{"line":4,"column":48}},"4":{"start":{"line":5,"column":0},"end":{"line":5,"column":46}},"5":{"start":{"line":6,"column":0},"end":{"line":6,"column":53}},"6":{"start":{"line":16,"column":7},"end":{"line":16,"column":null}},"7":{"start":{"line":16,"column":13},"end":{"line":16,"column":24}},"8":{"start":{"line":16,"column":13},"end":{"line":16,"column":null}}},"fnMap":{},"branchMap":{},"s":{"0":0,"1":0,"2":0,"3":0,"4":0,"5":0,"6":0,"7":0,"8":0},"f":{},"b":{}}
,"C:\\Users\\edils\\OneDrive\\Documentos\\code\\flutter-apps\\stockup-mobile\\backend\\src\\modules\\users\\users.repository.ts": {"path":"C:\\Users\\edils\\OneDrive\\Documentos\\code\\flutter-apps\\stockup-mobile\\backend\\src\\modules\\users\\users.repository.ts","statementMap":{"0":{"start":{"line":1,"column":0},"end":{"line":1,"column":74}},"1":{"start":{"line":3,"column":0},"end":{"line":3,"column":51}},"2":{"start":{"line":4,"column":0},"end":{"line":4,"column":46}},"3":{"start":{"line":5,"column":0},"end":{"line":5,"column":51}},"4":{"start":{"line":6,"column":0},"end":{"line":6,"column":62}},"5":{"start":{"line":11,"column":7},"end":{"line":74,"column":null}},"6":{"start":{"line":13,"column":45},"end":{"line":13,"column":57}},"7":{"start":{"line":17,"column":4},"end":{"line":22,"column":5}},"8":{"start":{"line":18,"column":25},"end":{"line":18,"column":56}},"9":{"start":{"line":19,"column":6},"end":{"line":19,"column":39}},"10":{"start":{"line":21,"column":6},"end":{"line":21,"column":73}},"11":{"start":{"line":26,"column":4},"end":{"line":32,"column":5}},"12":{"start":{"line":27,"column":6},"end":{"line":29,"column":9}},"13":{"start":{"line":31,"column":6},"end":{"line":31,"column":73}},"14":{"start":{"line":36,"column":4},"end":{"line":48,"column":5}},"15":{"start":{"line":37,"column":37},"end":{"line":44,"column":8}},"16":{"start":{"line":45,"column":6},"end":{"line":45,"column":47}},"17":{"start":{"line":47,"column":6},"end":{"line":47,"column":73}},"18":{"start":{"line":52,"column":4},"end":{"line":64,"column":5}},"19":{"start":{"line":53,"column":6},"end":{"line":61,"column":9}},"20":{"start":{"line":63,"column":6},"end":{"line":63,"column":73}},"21":{"start":{"line":68,"column":4},"end":{"line":72,"column":5}},"22":{"start":{"line":69,"column":6},"end":{"line":69,"column":52}},"23":{"start":{"line":71,"column":6},"end":{"line":71,"column":73}},"24":{"start":{"line":11,"column":13},"end":{"line":11,"column":28}},"25":{"start":{"line":11,"column":13},"end":{"line":74,"column":null}}},"fnMap":{"0":{"name":"(anonymous_4)","decl":{"start":{"line":12,"column":2},"end":{"line":12,"column":null}},"loc":{"start":{"line":13,"column":73},"end":{"line":14,"column":6}}},"1":{"name":"(anonymous_5)","decl":{"start":{"line":16,"column":2},"end":{"line":16,"column":7}},"loc":{"start":{"line":16,"column":35},"end":{"line":23,"column":3}}},"2":{"name":"(anonymous_6)","decl":{"start":{"line":25,"column":2},"end":{"line":25,"column":7}},"loc":{"start":{"line":25,"column":43},"end":{"line":33,"column":3}}},"3":{"name":"(anonymous_7)","decl":{"start":{"line":35,"column":2},"end":{"line":35,"column":7}},"loc":{"start":{"line":35,"column":20},"end":{"line":49,"column":3}}},"4":{"name":"(anonymous_8)","decl":{"start":{"line":51,"column":2},"end":{"line":51,"column":7}},"loc":{"start":{"line":51,"column":42},"end":{"line":65,"column":3}}},"5":{"name":"(anonymous_9)","decl":{"start":{"line":67,"column":2},"end":{"line":67,"column":7}},"loc":{"start":{"line":67,"column":35},"end":{"line":73,"column":3}}}},"branchMap":{"0":{"loc":{"start":{"line":45,"column":13},"end":{"line":45,"column":46}},"type":"cond-expr","locations":[{"start":{"line":45,"column":34},"end":{"line":45,"column":38}},{"start":{"line":45,"column":41},"end":{"line":45,"column":46}}]},"1":{"loc":{"start":{"line":13,"column":57},"end":{"line":13,"column":73}},"type":"cond-expr","locations":[{"start":{"line":13,"column":67},"end":{"line":13,"column":73}},{"start":{"line":13,"column":67},"end":{"line":13,"column":73}}]},"2":{"loc":{"start":{"line":13,"column":57},"end":{"line":13,"column":67}},"type":"binary-expr","locations":[{"start":{"line":13,"column":57},"end":{"line":13,"column":73}},{"start":{"line":13,"column":57},"end":{"line":13,"column":67}}]}},"s":{"0":1,"1":1,"2":1,"3":1,"4":1,"5":1,"6":15,"7":2,"8":2,"9":2,"10":1,"11":3,"12":3,"13":1,"14":4,"15":4,"16":3,"17":1,"18":3,"19":3,"20":1,"21":3,"22":3,"23":1,"24":1,"25":1},"f":{"0":15,"1":2,"2":3,"3":4,"4":3,"5":3},"b":{"0":[2,1],"1":[1,0],"2":[1,1]}}
,"C:\\Users\\edils\\OneDrive\\Documentos\\code\\flutter-apps\\stockup-mobile\\backend\\src\\modules\\users\\users.service.ts": {"path":"C:\\Users\\edils\\OneDrive\\Documentos\\code\\flutter-apps\\stockup-mobile\\backend\\src\\modules\\users\\users.service.ts","statementMap":{"0":{"start":{"line":1,"column":0},"end":{"line":1,"column":null}},"1":{"start":{"line":11,"column":0},"end":{"line":11,"column":45}},"2":{"start":{"line":12,"column":0},"end":{"line":12,"column":47}},"3":{"start":{"line":14,"column":0},"end":{"line":14,"column":54}},"4":{"start":{"line":16,"column":0},"end":{"line":16,"column":33}},"5":{"start":{"line":20,"column":7},"end":{"line":138,"column":null}},"6":{"start":{"line":23,"column":21},"end":{"line":23,"column":54}},"7":{"start":{"line":28,"column":4},"end":{"line":30,"column":5}},"8":{"start":{"line":29,"column":6},"end":{"line":29,"column":62}},"9":{"start":{"line":33,"column":23},"end":{"line":33,"column":25}},"10":{"start":{"line":36,"column":4},"end":{"line":36,"column":55}},"11":{"start":{"line":37,"column":4},"end":{"line":37,"column":56}},"12":{"start":{"line":38,"column":4},"end":{"line":41,"column":7}},"13":{"start":{"line":42,"column":4},"end":{"line":42,"column":69}},"14":{"start":{"line":46,"column":4},"end":{"line":46,"column":41}},"15":{"start":{"line":48,"column":6},"end":{"line":48,"column":60}},"16":{"start":{"line":49,"column":4},"end":{"line":51,"column":5}},"17":{"start":{"line":50,"column":6},"end":{"line":50,"column":58}},"18":{"start":{"line":55,"column":4},"end":{"line":62,"column":7}},"19":{"start":{"line":66,"column":4},"end":{"line":66,"column":49}},"20":{"start":{"line":69,"column":4},"end":{"line":81,"column":5}},"21":{"start":{"line":70,"column":6},"end":{"line":70,"column":58}},"22":{"start":{"line":71,"column":6},"end":{"line":74,"column":9}},"23":{"start":{"line":76,"column":6},"end":{"line":78,"column":7}},"24":{"start":{"line":77,"column":8},"end":{"line":77,"column":60}},"25":{"start":{"line":80,"column":6},"end":{"line":80,"column":75}},"26":{"start":{"line":83,"column":4},"end":{"line":86,"column":7}},"27":{"start":{"line":88,"column":4},"end":{"line":90,"column":5}},"28":{"start":{"line":89,"column":6},"end":{"line":89,"column":58}},"29":{"start":{"line":92,"column":4},"end":{"line":92,"column":61}},"30":{"start":{"line":96,"column":4},"end":{"line":99,"column":6}},"31":{"start":{"line":104,"column":6},"end":{"line":104,"column":47}},"32":{"start":{"line":105,"column":4},"end":{"line":107,"column":5}},"33":{"start":{"line":106,"column":6},"end":{"line":106,"column":59}},"34":{"start":{"line":108,"column":4},"end":{"line":108,"column":21}},"35":{"start":{"line":112,"column":4},"end":{"line":112,"column":41}},"36":{"start":{"line":113,"column":4},"end":{"line":116,"column":6}},"37":{"start":{"line":121,"column":6},"end":{"line":121,"column":60}},"38":{"start":{"line":122,"column":4},"end":{"line":124,"column":5}},"39":{"start":{"line":123,"column":6},"end":{"line":123,"column":58}},"40":{"start":{"line":125,"column":4},"end":{"line":125,"column":24}},"41":{"start":{"line":129,"column":4},"end":{"line":129,"column":41}},"42":{"start":{"line":131,"column":6},"end":{"line":131,"column":53}},"43":{"start":{"line":133,"column":4},"end":{"line":135,"column":5}},"44":{"start":{"line":134,"column":6},"end":{"line":134,"column":58}},"45":{"start":{"line":136,"column":4},"end":{"line":136,"column":32}},"46":{"start":{"line":20,"column":13},"end":{"line":20,"column":25}},"47":{"start":{"line":20,"column":13},"end":{"line":138,"column":null}}},"fnMap":{"0":{"name":"(anonymous_13)","decl":{"start":{"line":21,"column":2},"end":{"line":21,"column":null}},"loc":{"start":{"line":23,"column":54},"end":{"line":24,"column":6}}},"1":{"name":"(anonymous_14)","decl":{"start":{"line":27,"column":10},"end":{"line":27,"column":31}},"loc":{"start":{"line":27,"column":48},"end":{"line":31,"column":3}}},"2":{"name":"(anonymous_15)","decl":{"start":{"line":35,"column":2},"end":{"line":35,"column":7}},"loc":{"start":{"line":35,"column":35},"end":{"line":43,"column":3}}},"3":{"name":"(anonymous_16)","decl":{"start":{"line":45,"column":10},"end":{"line":45,"column":15}},"loc":{"start":{"line":45,"column":54},"end":{"line":52,"column":3}}},"4":{"name":"(anonymous_17)","decl":{"start":{"line":54,"column":10},"end":{"line":54,"column":35}},"loc":{"start":{"line":54,"column":35},"end":{"line":63,"column":3}}},"5":{"name":"(anonymous_18)","decl":{"start":{"line":65,"column":2},"end":{"line":65,"column":7}},"loc":{"start":{"line":65,"column":43},"end":{"line":93,"column":3}}},"6":{"name":"(anonymous_19)","decl":{"start":{"line":95,"column":2},"end":{"line":95,"column":7}},"loc":{"start":{"line":95,"column":20},"end":{"line":100,"column":3}}},"7":{"name":"(anonymous_20)","decl":{"start":{"line":102,"column":10},"end":{"line":102,"column":15}},"loc":{"start":{"line":102,"column":36},"end":{"line":109,"column":3}}},"8":{"name":"(anonymous_21)","decl":{"start":{"line":111,"column":2},"end":{"line":111,"column":7}},"loc":{"start":{"line":111,"column":42},"end":{"line":117,"column":3}}},"9":{"name":"(anonymous_22)","decl":{"start":{"line":119,"column":10},"end":{"line":119,"column":15}},"loc":{"start":{"line":119,"column":48},"end":{"line":126,"column":3}}},"10":{"name":"(anonymous_23)","decl":{"start":{"line":128,"column":2},"end":{"line":128,"column":7}},"loc":{"start":{"line":128,"column":35},"end":{"line":137,"column":3}}}},"branchMap":{"0":{"loc":{"start":{"line":28,"column":4},"end":{"line":30,"column":5}},"type":"if","locations":[{"start":{"line":28,"column":4},"end":{"line":30,"column":5}},{"start":{},"end":{}}]},"1":{"loc":{"start":{"line":28,"column":8},"end":{"line":28,"column":43}},"type":"binary-expr","locations":[{"start":{"line":28,"column":8},"end":{"line":28,"column":17}},{"start":{"line":28,"column":21},"end":{"line":28,"column":43}}]},"2":{"loc":{"start":{"line":49,"column":4},"end":{"line":51,"column":5}},"type":"if","locations":[{"start":{"line":49,"column":4},"end":{"line":51,"column":5}},{"start":{},"end":{}}]},"3":{"loc":{"start":{"line":69,"column":4},"end":{"line":81,"column":5}},"type":"if","locations":[{"start":{"line":69,"column":4},"end":{"line":81,"column":5}},{"start":{},"end":{}}]},"4":{"loc":{"start":{"line":76,"column":6},"end":{"line":78,"column":7}},"type":"if","locations":[{"start":{"line":76,"column":6},"end":{"line":78,"column":7}},{"start":{},"end":{}}]},"5":{"loc":{"start":{"line":88,"column":4},"end":{"line":90,"column":5}},"type":"if","locations":[{"start":{"line":88,"column":4},"end":{"line":90,"column":5}},{"start":{},"end":{}}]},"6":{"loc":{"start":{"line":105,"column":4},"end":{"line":107,"column":5}},"type":"if","locations":[{"start":{"line":105,"column":4},"end":{"line":107,"column":5}},{"start":{},"end":{}}]},"7":{"loc":{"start":{"line":122,"column":4},"end":{"line":124,"column":5}},"type":"if","locations":[{"start":{"line":122,"column":4},"end":{"line":124,"column":5}},{"start":{},"end":{}}]},"8":{"loc":{"start":{"line":133,"column":4},"end":{"line":135,"column":5}},"type":"if","locations":[{"start":{"line":133,"column":4},"end":{"line":135,"column":5}},{"start":{},"end":{}}]}},"s":{"0":1,"1":1,"2":1,"3":1,"4":1,"5":1,"6":13,"7":17,"8":9,"9":13,"10":2,"11":1,"12":1,"13":1,"14":2,"15":2,"16":2,"17":1,"18":3,"19":6,"20":3,"21":2,"22":2,"23":2,"24":1,"25":1,"26":1,"27":1,"28":0,"29":1,"30":2,"31":2,"32":2,"33":1,"34":1,"35":4,"36":1,"37":1,"38":1,"39":0,"40":1,"41":5,"42":2,"43":2,"44":1,"45":1,"46":1,"47":1},"f":{"0":13,"1":17,"2":2,"3":2,"4":3,"5":6,"6":2,"7":2,"8":4,"9":1,"10":5},"b":{"0":[9,8],"1":[17,11],"2":[1,1],"3":[2,1],"4":[1,1],"5":[0,1],"6":[1,1],"7":[0,1],"8":[1,1]}}
,"C:\\Users\\edils\\OneDrive\\Documentos\\code\\flutter-apps\\stockup-mobile\\backend\\src\\modules\\users\\dto\\user.dto.ts": {"path":"C:\\Users\\edils\\OneDrive\\Documentos\\code\\flutter-apps\\stockup-mobile\\backend\\src\\modules\\users\\dto\\user.dto.ts","statementMap":{"0":{"start":{"line":1,"column":0},"end":{"line":1,"column":46}},"1":{"start":{"line":2,"column":0},"end":{"line":2,"column":null}},"2":{"start":{"line":9,"column":0},"end":{"line":9,"column":46}},"3":{"start":{"line":11,"column":0},"end":{"line":11,"column":22}},"4":{"start":{"line":21,"column":2},"end":{"line":21,"column":null}},"5":{"start":{"line":34,"column":2},"end":{"line":34,"column":null}}},"fnMap":{},"branchMap":{},"s":{"0":1,"1":1,"2":1,"3":1,"4":1,"5":1},"f":{},"b":{}}
,"C:\\Users\\edils\\OneDrive\\Documentos\\code\\flutter-apps\\stockup-mobile\\backend\\src\\modules\\users\\dto\\users-response.dto.ts": {"path":"C:\\Users\\edils\\OneDrive\\Documentos\\code\\flutter-apps\\stockup-mobile\\backend\\src\\modules\\users\\dto\\users-response.dto.ts","statementMap":{"0":{"start":{"line":1,"column":0},"end":{"line":1,"column":46}},"1":{"start":{"line":2,"column":0},"end":{"line":2,"column":47}},"2":{"start":{"line":4,"column":0},"end":{"line":4,"column":13}},"3":{"start":{"line":9,"column":2},"end":{"line":9,"column":null}},"4":{"start":{"line":16,"column":2},"end":{"line":16,"column":null}}},"fnMap":{},"branchMap":{},"s":{"0":1,"1":1,"2":1,"3":1,"4":1},"f":{},"b":{}}
,"C:\\Users\\edils\\OneDrive\\Documentos\\code\\flutter-apps\\stockup-mobile\\backend\\src\\modules\\users\\entities\\user.entity.ts": {"path":"C:\\Users\\edils\\OneDrive\\Documentos\\code\\flutter-apps\\stockup-mobile\\backend\\src\\modules\\users\\entities\\user.entity.ts","statementMap":{"0":{"start":{"line":1,"column":0},"end":{"line":1,"column":null}},"1":{"start":{"line":10,"column":7},"end":{"line":28,"column":null}},"2":{"start":{"line":10,"column":13},"end":{"line":10,"column":17}},"3":{"start":{"line":12,"column":2},"end":{"line":12,"column":null}},"4":{"start":{"line":15,"column":2},"end":{"line":15,"column":null}},"5":{"start":{"line":18,"column":2},"end":{"line":18,"column":null}},"6":{"start":{"line":21,"column":2},"end":{"line":21,"column":null}},"7":{"start":{"line":24,"column":2},"end":{"line":24,"column":null}},"8":{"start":{"line":27,"column":2},"end":{"line":27,"column":null}},"9":{"start":{"line":10,"column":13},"end":{"line":28,"column":null}}},"fnMap":{},"branchMap":{"0":{"loc":{"start":{"line":24,"column":14},"end":{"line":24,"column":19}},"type":"cond-expr","locations":[{"start":{"line":24,"column":18},"end":{"line":24,"column":19}},{"start":{"line":24,"column":18},"end":{"line":24,"column":19}}]},"1":{"loc":{"start":{"line":24,"column":14},"end":{"line":24,"column":18}},"type":"binary-expr","locations":[{"start":{"line":24,"column":14},"end":{"line":24,"column":19}},{"start":{"line":24,"column":14},"end":{"line":24,"column":18}}]},"2":{"loc":{"start":{"line":27,"column":14},"end":{"line":27,"column":19}},"type":"cond-expr","locations":[{"start":{"line":27,"column":18},"end":{"line":27,"column":19}},{"start":{"line":27,"column":18},"end":{"line":27,"column":19}}]},"3":{"loc":{"start":{"line":27,"column":14},"end":{"line":27,"column":18}},"type":"binary-expr","locations":[{"start":{"line":27,"column":14},"end":{"line":27,"column":19}},{"start":{"line":27,"column":14},"end":{"line":27,"column":18}}]}},"s":{"0":2,"1":2,"2":2,"3":2,"4":2,"5":2,"6":2,"7":2,"8":2,"9":2},"f":{},"b":{"0":[2,0],"1":[2,2],"2":[2,0],"3":[2,2]}}
,"C:\\Users\\edils\\OneDrive\\Documentos\\code\\flutter-apps\\stockup-mobile\\backend\\src\\modules\\users\\enum\\errors.enum.ts": {"path":"C:\\Users\\edils\\OneDrive\\Documentos\\code\\flutter-apps\\stockup-mobile\\backend\\src\\modules\\users\\enum\\errors.enum.ts","statementMap":{"0":{"start":{"line":1,"column":0},"end":{"line":1,"column":null}},"1":{"start":{"line":2,"column":2},"end":{"line":2,"column":null}},"2":{"start":{"line":3,"column":2},"end":{"line":3,"column":null}},"3":{"start":{"line":4,"column":2},"end":{"line":4,"column":null}},"4":{"start":{"line":5,"column":2},"end":{"line":5,"column":null}},"5":{"start":{"line":7,"column":2},"end":{"line":7,"column":null}},"6":{"start":{"line":8,"column":2},"end":{"line":8,"column":null}}},"fnMap":{"0":{"name":"(anonymous_0)","decl":{"start":{"line":1,"column":0},"end":{"line":1,"column":12}},"loc":{"start":{"line":1,"column":19},"end":{"line":9,"column":1}}}},"branchMap":{"0":{"loc":{"start":{"line":1,"column":12},"end":{"line":1,"column":null}},"type":"binary-expr","locations":[{"start":{"line":1,"column":12},"end":{"line":1,"column":19}},{"start":{"line":1,"column":19},"end":{"line":1,"column":null}}]}},"s":{"0":2,"1":2,"2":2,"3":2,"4":2,"5":2,"6":2},"f":{"0":2},"b":{"0":[2,2]}}
,"C:\\Users\\edils\\OneDrive\\Documentos\\code\\flutter-apps\\stockup-mobile\\backend\\src\\modules\\users\\enum\\success.enum.ts": {"path":"C:\\Users\\edils\\OneDrive\\Documentos\\code\\flutter-apps\\stockup-mobile\\backend\\src\\modules\\users\\enum\\success.enum.ts","statementMap":{"0":{"start":{"line":1,"column":0},"end":{"line":1,"column":null}},"1":{"start":{"line":2,"column":2},"end":{"line":2,"column":null}},"2":{"start":{"line":3,"column":2},"end":{"line":3,"column":null}},"3":{"start":{"line":4,"column":2},"end":{"line":4,"column":null}},"4":{"start":{"line":6,"column":2},"end":{"line":6,"column":null}},"5":{"start":{"line":8,"column":2},"end":{"line":8,"column":null}}},"fnMap":{"0":{"name":"(anonymous_0)","decl":{"start":{"line":1,"column":0},"end":{"line":1,"column":12}},"loc":{"start":{"line":1,"column":20},"end":{"line":9,"column":1}}}},"branchMap":{"0":{"loc":{"start":{"line":1,"column":12},"end":{"line":1,"column":null}},"type":"binary-expr","locations":[{"start":{"line":1,"column":12},"end":{"line":1,"column":20}},{"start":{"line":1,"column":20},"end":{"line":1,"column":null}}]}},"s":{"0":3,"1":3,"2":3,"3":3,"4":3,"5":3},"f":{"0":3},"b":{"0":[3,3]}}
,"C:\\Users\\edils\\OneDrive\\Documentos\\code\\flutter-apps\\stockup-mobile\\backend\\src\\modules\\users\\helpers\\create-fake-user.helper.ts": {"path":"C:\\Users\\edils\\OneDrive\\Documentos\\code\\flutter-apps\\stockup-mobile\\backend\\src\\modules\\users\\helpers\\create-fake-user.helper.ts","statementMap":{"0":{"start":{"line":3,"column":30},"end":{"line":8,"column":2}},"1":{"start":{"line":3,"column":52},"end":{"line":8,"column":2}},"2":{"start":{"line":3,"column":13},"end":{"line":3,"column":30}}},"fnMap":{"0":{"name":"(anonymous_0)","decl":{"start":{"line":3,"column":30},"end":{"line":3,"column":48}},"loc":{"start":{"line":3,"column":52},"end":{"line":8,"column":2}}}},"branchMap":{},"s":{"0":3,"1":11,"2":3},"f":{"0":11},"b":{}}
}
