TN:
SF:src\app.controller.ts
FN:6,(anonymous_2)
FN:9,(anonymous_3)
FNF:2
FNH:2
FNDA:1,(anonymous_2)
FNDA:1,(anonymous_3)
DA:1,1
DA:2,1
DA:5,1
DA:6,1
DA:9,1
DA:10,1
LF:6
LH:6
BRDA:6,0,0,1
BRDA:6,0,1,0
BRDA:6,1,0,1
BRDA:6,1,1,1
BRF:4
BRH:3
end_of_record
TN:
SF:src\app.module.ts
FN:16,(anonymous_1)
FNF:1
FNH:0
FNDA:0,(anonymous_1)
DA:1,0
DA:2,0
DA:3,0
DA:4,0
DA:5,0
DA:6,0
DA:16,0
DA:28,0
LF:8
LH:0
BRF:0
BRH:0
end_of_record
TN:
SF:src\app.service.ts
FN:5,(anonymous_1)
FNF:1
FNH:1
FNDA:1,(anonymous_1)
DA:1,1
DA:4,1
DA:6,1
LF:3
LH:3
BRF:0
BRH:0
end_of_record
TN:
SF:src\main.ts
FN:6,bootstrap
FNF:1
FNH:0
FNDA:0,bootstrap
DA:1,0
DA:2,0
DA:3,0
DA:4,0
DA:7,0
DA:10,0
DA:20,0
DA:29,0
DA:31,0
DA:33,0
DA:35,0
LF:11
LH:0
BRDA:33,0,0,0
BRDA:33,0,1,0
BRF:2
BRH:0
end_of_record
TN:
SF:src\enum\errors-global.enum.ts
FN:1,(anonymous_0)
FNF:1
FNH:1
FNDA:1,(anonymous_0)
DA:1,1
DA:2,1
LF:2
LH:2
BRDA:1,0,0,1
BRDA:1,0,1,1
BRF:2
BRH:2
end_of_record
TN:
SF:src\modules\users\users.controller.ts
FN:23,(anonymous_4)
FN:34,(anonymous_5)
FN:45,(anonymous_6)
FN:59,(anonymous_7)
FN:71,(anonymous_8)
FN:85,(anonymous_9)
FNF:6
FNH:6
FNDA:6,(anonymous_4)
FNDA:1,(anonymous_5)
FNDA:2,(anonymous_6)
FNDA:1,(anonymous_7)
FNDA:1,(anonymous_8)
FNDA:1,(anonymous_9)
DA:1,1
DA:15,1
DA:16,1
DA:17,1
DA:18,1
DA:22,1
DA:24,6
DA:34,1
DA:35,1
DA:45,1
DA:48,2
DA:59,1
DA:60,1
DA:71,1
DA:74,1
DA:85,1
DA:86,1
LF:17
LH:17
BRDA:34,0,0,1
BRDA:34,0,1,0
BRDA:34,1,0,1
BRDA:34,1,1,1
BRDA:34,2,0,1
BRDA:34,2,1,0
BRDA:34,3,0,1
BRDA:34,3,1,1
BRDA:46,4,0,1
BRDA:46,4,1,0
BRDA:46,5,0,1
BRDA:46,5,1,1
BRDA:47,6,0,1
BRDA:47,6,1,0
BRDA:47,7,0,1
BRDA:47,7,1,1
BRDA:59,8,0,1
BRDA:59,8,1,0
BRDA:59,9,0,1
BRDA:59,9,1,1
BRDA:73,10,0,1
BRDA:73,10,1,0
BRDA:73,11,0,1
BRDA:73,11,1,1
BRDA:85,12,0,1
BRDA:85,12,1,0
BRDA:85,13,0,1
BRDA:85,13,1,1
BRF:28
BRH:21
end_of_record
TN:
SF:src\modules\users\users.module.ts
FNF:0
FNH:0
DA:1,0
DA:2,0
DA:3,0
DA:4,0
DA:5,0
DA:6,0
DA:16,0
LF:7
LH:0
BRF:0
BRH:0
end_of_record
TN:
SF:src\modules\users\users.repository.ts
FN:12,(anonymous_4)
FN:16,(anonymous_5)
FN:25,(anonymous_6)
FN:35,(anonymous_7)
FN:51,(anonymous_8)
FN:67,(anonymous_9)
FNF:6
FNH:6
FNDA:15,(anonymous_4)
FNDA:2,(anonymous_5)
FNDA:3,(anonymous_6)
FNDA:4,(anonymous_7)
FNDA:3,(anonymous_8)
FNDA:3,(anonymous_9)
DA:1,1
DA:3,1
DA:4,1
DA:5,1
DA:6,1
DA:11,1
DA:13,15
DA:17,2
DA:18,2
DA:19,2
DA:21,1
DA:26,3
DA:27,3
DA:31,1
DA:36,4
DA:37,4
DA:45,3
DA:47,1
DA:52,3
DA:53,3
DA:63,1
DA:68,3
DA:69,3
DA:71,1
LF:24
LH:24
BRDA:45,0,0,2
BRDA:45,0,1,1
BRDA:13,1,0,1
BRDA:13,1,1,0
BRDA:13,2,0,1
BRDA:13,2,1,1
BRF:6
BRH:5
end_of_record
TN:
SF:src\modules\users\users.service.ts
FN:21,(anonymous_13)
FN:27,(anonymous_14)
FN:35,(anonymous_15)
FN:45,(anonymous_16)
FN:54,(anonymous_17)
FN:65,(anonymous_18)
FN:95,(anonymous_19)
FN:102,(anonymous_20)
FN:111,(anonymous_21)
FN:119,(anonymous_22)
FN:128,(anonymous_23)
FNF:11
FNH:11
FNDA:13,(anonymous_13)
FNDA:17,(anonymous_14)
FNDA:2,(anonymous_15)
FNDA:2,(anonymous_16)
FNDA:3,(anonymous_17)
FNDA:6,(anonymous_18)
FNDA:2,(anonymous_19)
FNDA:2,(anonymous_20)
FNDA:4,(anonymous_21)
FNDA:1,(anonymous_22)
FNDA:5,(anonymous_23)
DA:1,1
DA:11,1
DA:12,1
DA:14,1
DA:16,1
DA:20,1
DA:23,13
DA:28,17
DA:29,9
DA:33,13
DA:36,2
DA:37,1
DA:38,1
DA:42,1
DA:46,2
DA:48,2
DA:49,2
DA:50,1
DA:55,3
DA:66,6
DA:69,3
DA:70,2
DA:71,2
DA:76,2
DA:77,1
DA:80,1
DA:83,1
DA:88,1
DA:89,0
DA:92,1
DA:96,2
DA:104,2
DA:105,2
DA:106,1
DA:108,1
DA:112,4
DA:113,1
DA:121,1
DA:122,1
DA:123,0
DA:125,1
DA:129,5
DA:131,2
DA:133,2
DA:134,1
DA:136,1
LF:46
LH:44
BRDA:28,0,0,9
BRDA:28,0,1,8
BRDA:28,1,0,17
BRDA:28,1,1,11
BRDA:49,2,0,1
BRDA:49,2,1,1
BRDA:69,3,0,2
BRDA:69,3,1,1
BRDA:76,4,0,1
BRDA:76,4,1,1
BRDA:88,5,0,0
BRDA:88,5,1,1
BRDA:105,6,0,1
BRDA:105,6,1,1
BRDA:122,7,0,0
BRDA:122,7,1,1
BRDA:133,8,0,1
BRDA:133,8,1,1
BRF:18
BRH:16
end_of_record
TN:
SF:src\modules\users\dto\user.dto.ts
FNF:0
FNH:0
DA:1,1
DA:2,1
DA:9,1
DA:11,1
DA:21,1
DA:34,1
LF:6
LH:6
BRF:0
BRH:0
end_of_record
TN:
SF:src\modules\users\dto\users-response.dto.ts
FNF:0
FNH:0
DA:1,1
DA:2,1
DA:4,1
DA:9,1
DA:16,1
LF:5
LH:5
BRF:0
BRH:0
end_of_record
TN:
SF:src\modules\users\entities\user.entity.ts
FNF:0
FNH:0
DA:1,2
DA:10,2
DA:12,2
DA:15,2
DA:18,2
DA:21,2
DA:24,2
DA:27,2
LF:8
LH:8
BRDA:24,0,0,2
BRDA:24,0,1,0
BRDA:24,1,0,2
BRDA:24,1,1,2
BRDA:27,2,0,2
BRDA:27,2,1,0
BRDA:27,3,0,2
BRDA:27,3,1,2
BRF:8
BRH:6
end_of_record
TN:
SF:src\modules\users\enum\errors.enum.ts
FN:1,(anonymous_0)
FNF:1
FNH:1
FNDA:2,(anonymous_0)
DA:1,2
DA:2,2
DA:3,2
DA:4,2
DA:5,2
DA:7,2
DA:8,2
LF:7
LH:7
BRDA:1,0,0,2
BRDA:1,0,1,2
BRF:2
BRH:2
end_of_record
TN:
SF:src\modules\users\enum\success.enum.ts
FN:1,(anonymous_0)
FNF:1
FNH:1
FNDA:3,(anonymous_0)
DA:1,3
DA:2,3
DA:3,3
DA:4,3
DA:6,3
DA:8,3
LF:6
LH:6
BRDA:1,0,0,3
BRDA:1,0,1,3
BRF:2
BRH:2
end_of_record
TN:
SF:src\modules\users\helpers\create-fake-user.helper.ts
FN:3,(anonymous_0)
FNF:1
FNH:1
FNDA:11,(anonymous_0)
DA:3,11
LF:1
LH:1
BRF:0
BRH:0
end_of_record
